2024-12-15 15:24:14,057 DEBUG: h.b:-1 - Starting to listen
2024-12-15 15:24:14,067 DEBUG: i.m:-1 - data/dynamic_resource_bundle.properties, does not exist
2024-12-15 15:24:14,093 DEBUG: com.xilinx.installer.data.IDataManager:-1 - Checking to see if Serialized IDATA_LOCATION_FROM_USER is set.
2024-12-15 15:24:14,094 DEBUG: com.xilinx.installer.data.IDataManager:-1 - Serialized idata file found, /tmp/selfgz5739891407/data/idata.ser.z
2024-12-15 15:24:15,848 DEBUG: com.xilinx.installer.data.IDataManager:-1 - deserialized file: /tmp/selfgz5739891407/data/idata.ser.z in 0 min, 1 sec
2024-12-15 15:24:15,860 DEBUG: com.xilinx.installer.data.IDataEltDecorator:-1 - Module Engineering Sample Devices selection cannot be changed by user for the selected Edition.
2024-12-15 15:24:15,860 DEBUG: com.xilinx.installer.data.IDataEltDecorator:-1 - Module Engineering Sample Devices selection cannot be changed by user for the selected Edition.
2024-12-15 15:24:15,861 DEBUG: com.xilinx.installer.data.IDataEltDecorator:-1 - Module Engineering Sample Devices selection cannot be changed by user for the selected Edition.
2024-12-15 15:24:15,866 DEBUG: com.xilinx.installer.data.IDataEltDecorator:-1 - Module Engineering Sample Devices selection cannot be changed by user for the selected Edition.
2024-12-15 15:24:15,866 DEBUG: com.xilinx.installer.data.IDataEltDecorator:-1 - Module Engineering Sample Devices selection cannot be changed by user for the selected Edition.
2024-12-15 15:24:15,866 DEBUG: com.xilinx.installer.data.IDataEltDecorator:-1 - Module Engineering Sample Devices selection cannot be changed by user for the selected Edition.
2024-12-15 15:24:15,869 DEBUG: com.xilinx.installer.data.IDataManager:-1 - Adjusted idata file: /tmp/selfgz5739891407/data/idata.ser.z in 28904604 min, 14 sec
2024-12-15 15:24:15,871 DEBUG: com.xilinx.installer.data.postInst.a:-1 - This is a fresh installation, no installation data file found.
2024-12-15 15:24:15,879 DEBUG: com.xilinx.installer.api.d:-1 - This is a fresh installation.
2024-12-15 15:24:15,884 DEBUG: com.xilinx.installer.registry.lin.a:-1 - Uninstall reg: /home/a/.Xilinx/registry/installedSW.xml
2024-12-15 15:24:15,897 DEBUG: com.xilinx.installer.api.d:-1 - Selected Product is: Vitis
2024-12-15 15:24:15,898 DEBUG: com.xilinx.installer.api.d:-1 - Selected Package is: Vitis Unified Software Platform
2024-12-15 15:24:15,898 DEBUG: com.xilinx.installer.api.e:-1 - load the archive content info file /tmp/selfgz5739891407/data/arc.dat
2024-12-15 15:24:19,580 DEBUG: com.xilinx.installer.api.e:-1 - No archive content info for archive (listed but no details)rdi_0346_2024.2_1113_1001
2024-12-15 15:24:19,583 DEBUG: com.xilinx.installer.api.e:-1 - No archive content info for archive (listed but no details)sdk_gnu_0009_2024.2_1113_1001
2024-12-15 15:24:19,630 DEBUG: com.xilinx.installer.api.e:-1 - No archive content info for archive (listed but no details)rdi_0520_2024.2_1113_1001
2024-12-15 15:24:19,638 DEBUG: com.xilinx.installer.api.e:-1 - No archive content info for archive (listed but no details)rdi_0766_2024.2_1113_1001
2024-12-15 15:24:19,686 DEBUG: com.xilinx.installer.api.e:-1 - No archive content info for archive (listed but no details)sdk_gnu_0010_2024.2_1113_1001
2024-12-15 15:24:19,691 DEBUG: com.xilinx.installer.api.e:-1 - No archive content info for archive (listed but no details)sdk_gnu_0026_2024.2_1113_1001
2024-12-15 15:24:19,697 DEBUG: com.xilinx.installer.api.e:-1 - No archive content info for archive (listed but no details)docnav_0004_2024.2_1113_1001
2024-12-15 15:24:19,771 DEBUG: com.xilinx.installer.api.e:-1 - No archive content info for archive (listed but no details)sdk_gnu_0012_2024.2_1113_1001
2024-12-15 15:24:19,783 DEBUG: com.xilinx.installer.api.e:-1 - No archive content info for archive (listed but no details)rdi_0140_2024.2_1113_1001
2024-12-15 15:24:19,811 DEBUG: com.xilinx.installer.api.e:-1 - No archive content info for archive (listed but no details)sdk_gnu_0011_2024.2_1113_1001
2024-12-15 15:24:19,812 DEBUG: com.xilinx.installer.api.e:-1 - No archive content info for archive (listed but no details)rdi_1120_2024.2_1113_1001
2024-12-15 15:24:19,848 DEBUG: com.xilinx.installer.api.e:-1 - No archive content info for archive (listed but no details)sdk_gnu_0042_2024.2_1113_1001
2024-12-15 15:24:19,868 DEBUG: com.xilinx.installer.api.e:-1 - No archive content info for archive (listed but no details)sdk_gnu_0003_2024.2_1113_1001
2024-12-15 15:24:20,004 DEBUG: com.xilinx.installer.api.e:-1 - No archive content info for archive (listed but no details)sdk_gnu_0008_2024.2_1113_1001
2024-12-15 15:24:20,014 DEBUG: com.xilinx.installer.api.e:-1 - No archive content info for archive (listed but no details)vitis_cplus_0002_2024.2_1113_1001
2024-12-15 15:24:20,014 DEBUG: com.xilinx.installer.api.e:-1 - No archive content info for archive (listed but no details)rdi_0992_2024.2_1113_1001
2024-12-15 15:24:20,027 DEBUG: com.xilinx.installer.api.e:-1 - Loaded archives content file in 0 min, 4 sec
2024-12-15 15:24:20,121 DEBUG: com.xilinx.installer.api.e:-1 - PAYLOAD_LOCATION_FROM_USER is not set.
2024-12-15 15:24:20,121 DEBUG: com.xilinx.installer.api.e:-1 - Payload was not found in the image, /tmp/selfgz5739891407/payload does NOT exist.
2024-12-15 15:24:20,121 DEBUG: com.xilinx.installer.api.e:-1 - Payload location could not be set at this point.
2024-12-15 15:24:20,122 DEBUG: com.xilinx.installer.gui.q:-1 - Class to load: com.xilinx.installer.gui.panel.WelcomePanel, refKey: WelcomePanel_Install
2024-12-15 15:24:20,139 DEBUG: com.xilinx.installer.gui.panel.WelcomePanel:-1 - Welcome panel message is: <p>We are glad you have chosen AMD as your platform development partner. This program can install the AMD products including Vitis, Vivado Design Environment, Lab Edition, Bootgen, HW_Server, PetaLinux, Power Design Manager and Documentation Navigator.<p style="color:red;font-weight: bold;">Warning: you are running on an OS version that is not officially supported. AMD does not recommend installing on unsupported OSes. You can still proceed with the installation by clicking "Next"
<p>Supported operating systems for 2024.2 are:<br><p>- Red Hat Enterprise Linux 7.9: 64-bit (Not supported for PetaLinux)<br>- Red Hat Enterprise Linux 8.8-8.10, 9.2-9.4: 64-bit (Not supported for PetaLinux)<br>- CentOS Linux 7.9: 64-bit (Not supported for PetaLinux)<br>- SUSE Enterprise Linux 15.4: 64-bit(Not supported for PetaLinux)<br>- Amazon Linux 2 AL2 LTS: 64-bit(Not supported for PetaLinux)<br>- Ubuntu Linux 20.04.5-20.04.6, 22.04.1-22.04.4, and 24.04 LTS: 64-bit.<br>- AlmaLinux 8.7, 8.10, 9.1, 9.4: 64-bit.</p></p>
</p>
<p>Note: Additional library installation required. Please review the <b>Checking Required Libraries</b> section of <b>UG973</b> for more details.</p>
<p>Note: Individual products in this installer may support a smaller subset of this list. Please refer to the relevant User Guides for the latest OS information.</p>
<p>Note: This release requires upgrading your license server tools to the Flex 11.17.2 versions. Please confirm with your license admin that the correct version of the license server tools are installed and available, before running the tools.</p>
<p>Note: This installation program will not install cable drivers on Linux.  This item will need to be installed separately, with administrative privileges.</p>
<p style="color:red">To reduce installation time, we recommend that you disable any anti-virus software before continuing. Please disable any power saving settings of your machine (automatic sleep mode) when running the installer.</p>
 Supported OS: Supported operating systems for 2024.2 are:<br><p>- Red Hat Enterprise Linux 7.9: 64-bit (Not supported for PetaLinux)<br>- Red Hat Enterprise Linux 8.8-8.10, 9.2-9.4: 64-bit (Not supported for PetaLinux)<br>- CentOS Linux 7.9: 64-bit (Not supported for PetaLinux)<br>- SUSE Enterprise Linux 15.4: 64-bit(Not supported for PetaLinux)<br>- Amazon Linux 2 AL2 LTS: 64-bit(Not supported for PetaLinux)<br>- Ubuntu Linux 20.04.5-20.04.6, 22.04.1-22.04.4, and 24.04 LTS: 64-bit.<br>- AlmaLinux 8.7, 8.10, 9.1, 9.4: 64-bit.</p></p>

2024-12-15 15:24:20,179 DEBUG: com.xilinx.installer.gui.q:-1 - Class to load: com.xilinx.installer.gui.panel.installtype.InstallationTypeTwoOptionsPanel, refKey: InstallationTypeWithLoginPanel_Install
2024-12-15 15:24:20,306 DEBUG: com.xilinx.installer.gui.q:-1 - Class to load: com.xilinx.installer.gui.panel.packages.simple.ProductsPanel, refKey: ProductPanel_Install
2024-12-15 15:24:20,544 DEBUG: com.xilinx.installer.gui.q:-1 - Class to load: com.xilinx.installer.gui.panel.packages.simple.PackagesPanel, refKey: PackagePanel_Install
2024-12-15 15:24:20,627 DEBUG: com.xilinx.installer.gui.q:-1 - Class to load: com.xilinx.installer.gui.panel.packages.simple.ModulesPanel, refKey: ModulesPanel_Install
2024-12-15 15:24:20,724 DEBUG: com.xilinx.installer.gui.panel.packages.simple.a:-1 - expand for moduleIDataEltDecorator [element=IDataElement [refKey=Scout_Product]]
2024-12-15 15:24:20,724 DEBUG: com.xilinx.installer.gui.panel.packages.simple.a:-1 - expand for moduleIDataEltDecorator [element=IDataElement [refKey=Vitis_Cache]]
2024-12-15 15:24:20,725 DEBUG: com.xilinx.installer.gui.panel.packages.simple.a:-1 - expand for moduleIDataEltDecorator [element=IDataElement [refKey=Vivado_for_Scout]]
2024-12-15 15:24:20,725 DEBUG: com.xilinx.installer.gui.panel.packages.simple.a:-1 - expand for moduleIDataEltDecorator [element=IDataElement [refKey=Vitis_HLS]]
2024-12-15 15:24:20,725 DEBUG: com.xilinx.installer.gui.panel.packages.simple.a:-1 - expand for moduleIDataEltDecorator [element=IDataElement [refKey=VitisNetP4_Option]]
2024-12-15 15:24:20,726 DEBUG: com.xilinx.installer.gui.panel.packages.simple.a:-1 - expand for moduleIDataEltDecorator [element=IDataElement [refKey=SoCs_All_Devices_DevModule]]
2024-12-15 15:24:20,726 DEBUG: com.xilinx.installer.gui.panel.packages.simple.a:-1 - expand for moduleIDataEltDecorator [element=IDataElement [refKey=7_Series_Devices_Edition_Merged]]
2024-12-15 15:24:20,726 DEBUG: com.xilinx.installer.gui.panel.packages.simple.a:-1 - expand for moduleIDataEltDecorator [element=IDataElement [refKey=8_Series_Devices_Edition_Merged]]
2024-12-15 15:24:20,726 DEBUG: com.xilinx.installer.gui.panel.packages.simple.a:-1 - expand for moduleIDataEltDecorator [element=IDataElement [refKey=UltraScale_Plus_All_Devices_DevModule]]
2024-12-15 15:24:20,726 DEBUG: com.xilinx.installer.gui.panel.packages.simple.a:-1 - expand for moduleIDataEltDecorator [element=IDataElement [refKey=Versal_DevModule]]
2024-12-15 15:24:20,739 DEBUG: n.j:-1 - Module: Vitis C++ dest: /tools/Xilinx/Vitis/2024.2/vcxx Archive numbers in module: 3 Total archive numbers: 3
2024-12-15 15:24:20,740 DEBUG: n.j:-1 - Module: Vitis dest: /tools/Xilinx/Vitis/2024.2 Archive numbers in module: 327 Total archive numbers: 330
2024-12-15 15:24:20,741 DEBUG: n.j:-1 - Module: Vivado dest: /tools/Xilinx/Vivado/2024.2 Archive numbers in module: 197 Total archive numbers: 527
2024-12-15 15:24:20,741 DEBUG: n.j:-1 - Module: Vitis HLS dest: /tools/Xilinx/Vitis_HLS/2024.2 Archive numbers in module: 4 Total archive numbers: 531
2024-12-15 15:24:20,741 DEBUG: n.j:-1 - Module: Adds Common Links dest: /tools/Xilinx/Vivado/2024.2 Archive numbers in module: 0 Total archive numbers: 531
2024-12-15 15:24:20,742 DEBUG: n.j:-1 - Module: System Generator dest: /tools/Xilinx/Vivado/2024.2 Archive numbers in module: 1 Total archive numbers: 532
2024-12-15 15:24:20,742 DEBUG: n.j:-1 - Module: Model Composer dest: /tools/Xilinx/Model_Composer/2024.2 Archive numbers in module: 25 Total archive numbers: 557
2024-12-15 15:24:20,742 DEBUG: n.j:-1 - Module: Vitis Model Composer(Toolbox for MATLAB and Simulink. Includes the functionality of System Generator for DSP) dest: /tools/Xilinx/Model_Composer/2024.2 Archive numbers in module: 0 Total archive numbers: 557
2024-12-15 15:24:20,742 DEBUG: n.j:-1 - Module: DocNav dest: /tools/Xilinx/DocNav Archive numbers in module: 4 Total archive numbers: 561
2024-12-15 15:24:20,742 DEBUG: n.j:-1 - Module: Xilinx Information Center dest: /tools/Xilinx/xic Archive numbers in module: 20 Total archive numbers: 581
2024-12-15 15:24:20,743 DEBUG: n.j:-1 - Module: Devices for Alveo and edge acceleration platforms dest: /tools/Xilinx/Vivado/2024.2 Archive numbers in module: 116 Total archive numbers: 687
2024-12-15 15:24:20,744 DEBUG: n.j:-1 - Module: Shared Data dest: /tools/Xilinx/SharedData/2024.2 Archive numbers in module: 304 Total archive numbers: 991
2024-12-15 15:24:20,744 DEBUG: n.j:-1 - Module: Install devices for Alveo and edge acceleration platforms dest: /tools/Xilinx/Vivado/2024.2 Archive numbers in module: 0 Total archive numbers: 991
2024-12-15 15:24:20,744 DEBUG: n.j:-1 - Module: Install Devices for Kria SOMs and Starter Kits dest: /tools/Xilinx/Vivado/2024.2 Archive numbers in module: 29 Total archive numbers: 996
2024-12-15 15:24:20,744 DEBUG: n.j:-1 - Module: Zynq-7000 Vivado Devices dest: /tools/Xilinx/Vivado/2024.2 Archive numbers in module: 27 Total archive numbers: 1003
2024-12-15 15:24:20,744 DEBUG: n.j:-1 - Module: ISE dest: /tools/Xilinx/Vivado/2024.2/ids_lite/ISE Archive numbers in module: 13 Total archive numbers: 1016
2024-12-15 15:24:20,745 DEBUG: n.j:-1 - Module: Zynq-7000 dest: /tools/Xilinx/Vivado/2024.2 Archive numbers in module: 0 Total archive numbers: 1016
2024-12-15 15:24:20,745 DEBUG: n.j:-1 - Module: Zynq UltraScale+ MPSoC Devices dest: /tools/Xilinx/Vivado/2024.2 Archive numbers in module: 70 Total archive numbers: 1046
2024-12-15 15:24:20,745 DEBUG: n.j:-1 - Module: xilinx_zcu102_base platform dest: /tools/Xilinx/Vitis/2024.2/base_platforms Archive numbers in module: 1 Total archive numbers: 1047
2024-12-15 15:24:20,745 DEBUG: n.j:-1 - Module: xilinx_zcu104_base platform dest: /tools/Xilinx/Vitis/2024.2/base_platforms Archive numbers in module: 1 Total archive numbers: 1048
2024-12-15 15:24:20,745 DEBUG: n.j:-1 - Module: xilinx_zcu102_base_dfx platform dest: /tools/Xilinx/Vitis/2024.2/base_platforms Archive numbers in module: 1 Total archive numbers: 1049
2024-12-15 15:24:20,745 DEBUG: n.j:-1 - Module: Zynq UltraScale+ MPSoC dest: /tools/Xilinx/Vivado/2024.2 Archive numbers in module: 0 Total archive numbers: 1049
2024-12-15 15:24:20,746 DEBUG: n.j:-1 - Module: Zynq UltraScale+ RFSoC dest: /tools/Xilinx/Vivado/2024.2 Archive numbers in module: 36 Total archive numbers: 1068
2024-12-15 15:24:20,746 DEBUG: n.j:-1 - Module: SoCs dest: /tools/Xilinx/Vivado/2024.2 Archive numbers in module: 0 Total archive numbers: 1068
2024-12-15 15:24:20,746 DEBUG: n.j:-1 - Module: Artix-7 Vivado dest: /tools/Xilinx/Vivado/2024.2 Archive numbers in module: 21 Total archive numbers: 1076
2024-12-15 15:24:20,746 DEBUG: n.j:-1 - Module: ISE dest: /tools/Xilinx/Vivado/2024.2/ids_lite/ISE Archive numbers in module: 13 Total archive numbers: 1076
2024-12-15 15:24:20,746 DEBUG: n.j:-1 - Module: Artix-7 dest: /tools/Xilinx/Vivado/2024.2 Archive numbers in module: 0 Total archive numbers: 1076
2024-12-15 15:24:20,746 DEBUG: n.j:-1 - Module: Kintex-7 Vivado Devices dest: /tools/Xilinx/Vivado/2024.2 Archive numbers in module: 20 Total archive numbers: 1083
2024-12-15 15:24:20,746 DEBUG: n.j:-1 - Module: ISE dest: /tools/Xilinx/Vivado/2024.2/ids_lite/ISE Archive numbers in module: 13 Total archive numbers: 1083
2024-12-15 15:24:20,747 DEBUG: n.j:-1 - Module: Kintex-7 dest: /tools/Xilinx/Vivado/2024.2 Archive numbers in module: 0 Total archive numbers: 1083
2024-12-15 15:24:20,747 DEBUG: n.j:-1 - Module: Spartan-7 Vivado Devices dest: /tools/Xilinx/Vivado/2024.2 Archive numbers in module: 19 Total archive numbers: 1087
2024-12-15 15:24:20,747 DEBUG: n.j:-1 - Module: ISE dest: /tools/Xilinx/Vivado/2024.2/ids_lite/ISE Archive numbers in module: 13 Total archive numbers: 1087
2024-12-15 15:24:20,747 DEBUG: n.j:-1 - Module: Spartan-7 dest: /tools/Xilinx/Vivado/2024.2 Archive numbers in module: 0 Total archive numbers: 1087
2024-12-15 15:24:20,747 DEBUG: n.j:-1 - Module: Virtex-7 Vivado Devices dest: /tools/Xilinx/Vivado/2024.2 Archive numbers in module: 21 Total archive numbers: 1095
2024-12-15 15:24:20,747 DEBUG: n.j:-1 - Module: ISE dest: /tools/Xilinx/Vivado/2024.2/ids_lite/ISE Archive numbers in module: 13 Total archive numbers: 1095
2024-12-15 15:24:20,748 DEBUG: n.j:-1 - Module: Virtex-7 dest: /tools/Xilinx/Vivado/2024.2 Archive numbers in module: 0 Total archive numbers: 1095
2024-12-15 15:24:20,748 DEBUG: n.j:-1 - Module: 7 Series dest: /tools/Xilinx/Vivado/2024.2 Archive numbers in module: 0 Total archive numbers: 1095
2024-12-15 15:24:20,748 DEBUG: n.j:-1 - Module: Kintex UltraScale dest: /tools/Xilinx/Vivado/2024.2 Archive numbers in module: 34 Total archive numbers: 1106
2024-12-15 15:24:20,748 DEBUG: n.j:-1 - Module: Virtex UltraScale dest: /tools/Xilinx/Vivado/2024.2 Archive numbers in module: 26 Total archive numbers: 1119
2024-12-15 15:24:20,748 DEBUG: n.j:-1 - Module: UltraScale dest: /tools/Xilinx/Vivado/2024.2 Archive numbers in module: 0 Total archive numbers: 1119
2024-12-15 15:24:20,749 DEBUG: n.j:-1 - Module: Artix UltraScale+ dest: /tools/Xilinx/Vivado/2024.2 Archive numbers in module: 28 Total archive numbers: 1133
2024-12-15 15:24:20,749 DEBUG: n.j:-1 - Module: Kintex UltraScale+ dest: /tools/Xilinx/Vivado/2024.2 Archive numbers in module: 36 Total archive numbers: 1146
2024-12-15 15:24:20,749 DEBUG: n.j:-1 - Module: Spartan UltraScale+ dest: /tools/Xilinx/Vivado/2024.2 Archive numbers in module: 13 Total archive numbers: 1149
2024-12-15 15:24:20,749 DEBUG: n.j:-1 - Module: Virtex UltraScale+ dest: /tools/Xilinx/Vivado/2024.2 Archive numbers in module: 55 Total archive numbers: 1168
2024-12-15 15:24:20,749 DEBUG: n.j:-1 - Module: Virtex UltraScale+ HBM dest: /tools/Xilinx/Vivado/2024.2 Archive numbers in module: 41 Total archive numbers: 1182
2024-12-15 15:24:20,750 DEBUG: n.j:-1 - Module: Virtex UltraScale+ 58G dest: /tools/Xilinx/Vivado/2024.2 Archive numbers in module: 27 Total archive numbers: 1195
2024-12-15 15:24:20,750 DEBUG: n.j:-1 - Module: UltraScale+ dest: /tools/Xilinx/Vivado/2024.2 Archive numbers in module: 0 Total archive numbers: 1195
2024-12-15 15:24:20,751 DEBUG: n.j:-1 - Module: Versal AI Core Devices dest: /tools/Xilinx/Vivado/2024.2 Archive numbers in module: 28 Total archive numbers: 1197
2024-12-15 15:24:20,751 DEBUG: n.j:-1 - Module: Cardano for Vitis dest: /tools/Xilinx/Vitis/2024.2/aietools Archive numbers in module: 71 Total archive numbers: 1268
2024-12-15 15:24:20,752 DEBUG: n.j:-1 - Module: xilinx_vck190_base platform dest: /tools/Xilinx/Vitis/2024.2/base_platforms Archive numbers in module: 1 Total archive numbers: 1269
2024-12-15 15:24:20,752 DEBUG: n.j:-1 - Module: xilinx_vck190_base_dfx platform dest: /tools/Xilinx/Vitis/2024.2/base_platforms Archive numbers in module: 1 Total archive numbers: 1270
2024-12-15 15:24:20,754 DEBUG: n.j:-1 - Module: Shared Data dest: /tools/Xilinx/SharedData/2024.2 Archive numbers in module: 304 Total archive numbers: 1270
2024-12-15 15:24:20,754 DEBUG: n.j:-1 - Module: Versal Vault Manifests dest: /tools/Xilinx/Vivado/2024.2 Archive numbers in module: 4 Total archive numbers: 1274
2024-12-15 15:24:20,754 DEBUG: n.j:-1 - Module: Versal AI Core Series dest: /tools/Xilinx/Vivado/2024.2 Archive numbers in module: 0 Total archive numbers: 1274
2024-12-15 15:24:20,755 DEBUG: n.j:-1 - Module: Versal Prime Devices dest: /tools/Xilinx/Vivado/2024.2 Archive numbers in module: 28 Total archive numbers: 1274
2024-12-15 15:24:20,755 DEBUG: n.j:-1 - Module: xilinx_vmk180_base platform dest: /tools/Xilinx/Vitis/2024.2/base_platforms Archive numbers in module: 1 Total archive numbers: 1275
2024-12-15 15:24:20,756 DEBUG: n.j:-1 - Module: Shared Data dest: /tools/Xilinx/SharedData/2024.2 Archive numbers in module: 304 Total archive numbers: 1275
2024-12-15 15:24:20,756 DEBUG: n.j:-1 - Module: Versal Vault Manifests dest: /tools/Xilinx/Vivado/2024.2 Archive numbers in module: 4 Total archive numbers: 1275
2024-12-15 15:24:20,756 DEBUG: n.j:-1 - Module: Versal Prime Series dest: /tools/Xilinx/Vivado/2024.2 Archive numbers in module: 0 Total archive numbers: 1275
2024-12-15 15:24:20,756 DEBUG: n.j:-1 - Module: Versal AI Edge Devices dest: /tools/Xilinx/Vivado/2024.2 Archive numbers in module: 30 Total archive numbers: 1278
2024-12-15 15:24:20,757 DEBUG: n.j:-1 - Module: Cardano for Vitis dest: /tools/Xilinx/Vitis/2024.2/aietools Archive numbers in module: 71 Total archive numbers: 1278
2024-12-15 15:24:20,757 DEBUG: n.j:-1 - Module: xilinx_vek280_base platform dest: /tools/Xilinx/Vitis/2024.2/base_platforms Archive numbers in module: 1 Total archive numbers: 1279
2024-12-15 15:24:20,757 DEBUG: n.j:-1 - Module: Shared Data dest: /tools/Xilinx/SharedData/2024.2 Archive numbers in module: 304 Total archive numbers: 1279
2024-12-15 15:24:20,758 DEBUG: n.j:-1 - Module: Versal Vault Manifests dest: /tools/Xilinx/Vivado/2024.2 Archive numbers in module: 4 Total archive numbers: 1279
2024-12-15 15:24:20,758 DEBUG: n.j:-1 - Module: Versal AI Edge Series dest: /tools/Xilinx/Vivado/2024.2 Archive numbers in module: 0 Total archive numbers: 1279
2024-12-15 15:24:20,758 DEBUG: n.j:-1 - Module: Versal Premium Devices dest: /tools/Xilinx/Vivado/2024.2 Archive numbers in module: 30 Total archive numbers: 1282
2024-12-15 15:24:20,758 DEBUG: n.j:-1 - Module: Shared Data dest: /tools/Xilinx/SharedData/2024.2 Archive numbers in module: 304 Total archive numbers: 1282
2024-12-15 15:24:20,759 DEBUG: n.j:-1 - Module: Versal Vault Manifests dest: /tools/Xilinx/Vivado/2024.2 Archive numbers in module: 4 Total archive numbers: 1282
2024-12-15 15:24:20,759 DEBUG: n.j:-1 - Module: Versal Premium Series dest: /tools/Xilinx/Vivado/2024.2 Archive numbers in module: 0 Total archive numbers: 1282
2024-12-15 15:24:20,759 DEBUG: n.j:-1 - Module: Versal HBM Devices dest: /tools/Xilinx/Vivado/2024.2 Archive numbers in module: 26 Total archive numbers: 1284
2024-12-15 15:24:20,760 DEBUG: n.j:-1 - Module: Shared Data dest: /tools/Xilinx/SharedData/2024.2 Archive numbers in module: 304 Total archive numbers: 1284
2024-12-15 15:24:20,760 DEBUG: n.j:-1 - Module: Versal Vault Manifests dest: /tools/Xilinx/Vivado/2024.2 Archive numbers in module: 4 Total archive numbers: 1284
2024-12-15 15:24:20,760 DEBUG: n.j:-1 - Module: Versal HBM Series dest: /tools/Xilinx/Vivado/2024.2 Archive numbers in module: 0 Total archive numbers: 1284
2024-12-15 15:24:20,761 DEBUG: n.j:-1 - Module: Versal Gen 2 AI Edge Devices dest: /tools/Xilinx/Vivado/2024.2 Archive numbers in module: 26 Total archive numbers: 1286
2024-12-15 15:24:20,761 DEBUG: n.j:-1 - Module: Shared Data dest: /tools/Xilinx/SharedData/2024.2 Archive numbers in module: 304 Total archive numbers: 1286
2024-12-15 15:24:20,761 DEBUG: n.j:-1 - Module: Versal Vault Manifests dest: /tools/Xilinx/Vivado/2024.2 Archive numbers in module: 4 Total archive numbers: 1286
2024-12-15 15:24:20,762 DEBUG: n.j:-1 - Module: Versal Gen 2 AI Edge Series dest: /tools/Xilinx/Vivado/2024.2 Archive numbers in module: 0 Total archive numbers: 1286
2024-12-15 15:24:20,762 DEBUG: n.j:-1 - Module: Versal Gen 2 Prime Devices dest: /tools/Xilinx/Vivado/2024.2 Archive numbers in module: 26 Total archive numbers: 1288
2024-12-15 15:24:20,762 DEBUG: n.j:-1 - Module: Shared Data dest: /tools/Xilinx/SharedData/2024.2 Archive numbers in module: 304 Total archive numbers: 1288
2024-12-15 15:24:20,762 DEBUG: n.j:-1 - Module: Versal Vault Manifests dest: /tools/Xilinx/Vivado/2024.2 Archive numbers in module: 4 Total archive numbers: 1288
2024-12-15 15:24:20,762 DEBUG: n.j:-1 - Module: Versal Gen 2 Prime Series dest: /tools/Xilinx/Vivado/2024.2 Archive numbers in module: 0 Total archive numbers: 1288
2024-12-15 15:24:20,768 DEBUG: n.j:-1 - Download archive numbers: 1007
2024-12-15 15:24:20,772 DEBUG: n.j:-1 - Download archive numbers: 1007
2024-12-15 15:24:20,778 DEBUG: com.xilinx.installer.gui.q:-1 - Class to load: com.xilinx.installer.gui.panel.eula.EULAsPanel, refKey: EULAPanel_Install
2024-12-15 15:24:20,779 DEBUG: com.xilinx.installer.gui.q:-1 - Class to load: com.xilinx.installer.gui.panel.destination.DestinationPanel, refKey: DestinationPanel_Install
2024-12-15 15:24:20,798 DEBUG: com.xilinx.installer.gui.q:-1 - Class to load: com.xilinx.installer.gui.panel.summary.SummaryPanel, refKey: SummaryPanel_Install
2024-12-15 15:24:20,805 DEBUG: com.xilinx.installer.gui.q:-1 - Class to load: com.xilinx.installer.gui.panel.progress.ModernProgressPanel, refKey: ProgressPanel_Install
2024-12-15 15:24:20,827 DEBUG: com.xilinx.installer.gui.InstallerGUI:-1 - Selected product: VitisProd package selected: Scout_Edition Hide Package Panel: true
2024-12-15 15:24:20,832 INFO : com.xilinx.installer.gui.G:-1 - Started in: 6 Sec
2024-12-15 15:24:21,134 DEBUG: j.b:-1 - Could not auto detect proxy settings
2024-12-15 15:24:21,153 DEBUG: j.b:-1 - XILINX_URL is set to  https://www.xilinx.com/direct/swhelp
2024-12-15 15:24:21,171 DEBUG: j.b:-1 - Will download https://www.xilinx.com/direct/swhelp/installClientInfo.dat
2024-12-15 15:24:21,171 DEBUG: j.l:-1 - Download to /tmp/TMP_LD_LIB_PATH2024-12-15-15-24-12-1734276252/1734276261134/installClientInfo.dat
2024-12-15 15:24:21,172 DEBUG: j.l:-1 - File not exists or incomplete file /tmp/TMP_LD_LIB_PATH2024-12-15-15-24-12-1734276252/1734276261134/installClientInfo.dat,  deleting and starting download from scratch.
2024-12-15 15:24:21,173 DEBUG: j.l:-1 - https download: https://www.xilinx.com/direct/swhelp/installClientInfo.dat
2024-12-15 15:24:22,451 DEBUG: j.l:-1 - Successfully downloaded https://www.xilinx.com/direct/swhelp/installClientInfo.dat. Downloaded 1006 bytes, elapsedTime: 0:0:0:0
2024-12-15 15:24:22,451 INFO : j.b:-1 - Internet connection validated, can connect to internet.
2024-12-15 15:24:22,451 DEBUG: j.b:-1 - Loading install client info from: /tmp/TMP_LD_LIB_PATH2024-12-15-15-24-12-1734276252/1734276261134/installClientInfo.dat
